<?xml version="1.0" encoding="utf-8"?><testsuites><testsuite name="pytest" errors="0" failures="0" skipped="0" tests="21" time="24.510" timestamp="2026-09-16T09:35:36.840456" hostname="DESKTOP-273UV23"><testcase classname="research.kalshi.frankie_boss.tests.test_reduction_stack_equivalence" name="test_pack_equals_the_original_recursive_form_and_refuses_the_same" time="0.003" /><testcase classname="research.kalshi.frankie_boss.tests.test_reduction_stack_equivalence" name="test_observe_book_flat_copy_equals_asdict" time="0.001" /><testcase classname="research.kalshi.frankie_boss.tests.test_reduction_stack_equivalence" name="test_encode_block_repr_keys_emit_identical_bytes" time="0.807" /><testcase classname="research.kalshi.frankie_boss.tests.test_reduction_stack_equivalence" name="test_worker_pool_journal_equals_inline_and_raw" time="8.691" /><testcase classname="research.kalshi.frankie_boss.tests.test_prepared_context_cache" name="test_one_preparation_serves_repeated_equivalent_reuse" time="1.916" /><testcase classname="research.kalshi.frankie_boss.tests.test_prepared_context_cache" name="test_returned_and_original_data_are_isolated_from_the_cache" time="1.070" /><testcase classname="research.kalshi.frankie_boss.tests.test_prepared_context_cache" name="test_cutoff_and_identity_changes_are_refused_never_recomputed" time="0.743" /><testcase classname="research.kalshi.frankie_boss.tests.test_prepared_context_cache" name="test_source_change_is_detected_from_the_stored_tail_without_a_journal_scan" time="0.654" /><testcase classname="research.kalshi.frankie_boss.tests.test_prepared_context_cache" name="test_later_valid_suffix_through_the_builder_is_also_refused" time="0.711" /><testcase classname="research.kalshi.frankie_boss.tests.test_prepared_context_cache" name="test_creation_rejects_wrong_expectations_before_preparing" time="1.124" /><testcase classname="research.kalshi.frankie_boss.tests.test_prepared_context_cache" name="test_failed_preparation_caches_nothing" time="0.601" /><testcase classname="research.kalshi.frankie_boss.tests.test_prepared_context_cache" name="test_use_after_close_is_refused" time="0.513" /><testcase classname="research.kalshi.frankie_boss.tests.test_run_actual_sunday_compact_source.CompactSourceHostTests" name="test_harness_exposes_the_switch" time="0.019" /><testcase classname="research.kalshi.frankie_boss.tests.test_run_actual_sunday_compact_source.CompactSourceHostTests" name="test_prefix_is_lawful_text_modulo_anchor" time="0.026" /><testcase classname="research.kalshi.frankie_boss.tests.test_run_actual_sunday_compact_source.CompactSourceHostTests" name="test_source_lineage_routes_through_compact_and_opens_no_sqlite" time="0.001" /><testcase classname="research.kalshi.frankie_boss.tests.test_run_actual_sunday_compact_source.CompactSourceHostTests" name="test_subclass_keeps_every_other_lawful_method" time="0.001" /><testcase classname="research.kalshi.frankie_boss.tests.test_lawful_recovery_migration" name="test_migrated_intent_name_is_explicitly_accepted" time="0.001" /><testcase classname="research.kalshi.frankie_boss.tests.test_lawful_recovery_migration" name="test_retained_migration_receipt_pins_current_pod" time="0.001" /><testcase classname="research.kalshi.frankie_boss.tests.test_lawful_recovery_migration" name="test_validate_running_migration_restores_recorded_status" time="0.001" /><testcase classname="research.kalshi.frankie_boss.tests.test_lawful_recovery_migration" name="test_running_migration_is_observed_without_second_start" time="0.005" /><testcase classname="research.kalshi.frankie_boss.tests.test_lawful_recovery_migration" name="test_read_only_sidecar_residue_is_not_hot" time="0.173" /></testsuite></testsuites>