============================= test session starts ==============================
platform linux -- Python 3.11.16, pytest-9.1.1, pluggy-1.6.0 -- /opt/hostedtoolcache/Python/3.11.16/x64/bin/python
cachedir: .pytest_cache
rootdir: /home/runner/work/Markets/Markets
collecting ... collected 8 items

research/kalshi/tests/test_frankie_p0_registry.py::FrankieP0RegistryTests::test_component_contract_can_pass_while_empirical_readiness_is_blocked FAILED [ 12%]
research/kalshi/tests/test_frankie_p0_registry.py::FrankieP0RegistryTests::test_declared_hashes_and_roles_without_verified_source_receipts_do_not_pass PASSED [ 25%]
research/kalshi/tests/test_frankie_p0_registry.py::FrankieP0RegistryTests::test_diagnostic_inventory_detects_missing_extra_and_unhashed_surfaces PASSED [ 37%]
research/kalshi/tests/test_frankie_p0_registry.py::FrankieP0RegistryTests::test_every_bound_evidence_type_is_required_and_authority_stays_false FAILED [ 50%]
research/kalshi/tests/test_frankie_p0_registry.py::FrankieP0RegistryTests::test_inventory_is_exact_hash_bound_and_non_authorizing FAILED [ 62%]
research/kalshi/tests/test_frankie_p0_registry.py::FrankieP0RegistryTests::test_runtime_binding_drift_and_attestation_boundaries_fail_or_declare_closed PASSED [ 75%]
research/kalshi/tests/test_frankie_p0_registry.py::FrankieP0RegistryTests::test_runtime_hooks_are_exact_and_standalone_loops_remain_distinct FAILED [ 87%]
research/kalshi/tests/test_frankie_p0_registry.py::FrankieP0RegistryTests::test_tampered_source_or_cross_binding_fails_closed PASSED [100%]

=================================== FAILURES ===================================
_ FrankieP0RegistryTests.test_component_contract_can_pass_while_empirical_readiness_is_blocked _

self = <test_frankie_p0_registry.FrankieP0RegistryTests testMethod=test_component_contract_can_pass_while_empirical_readiness_is_blocked>

    def test_component_contract_can_pass_while_empirical_readiness_is_blocked(self):
        readiness = evaluate_p0_readiness()
>       self.assertTrue(readiness["component_contract_ready"])
E       AssertionError: False is not true

research/kalshi/tests/test_frankie_p0_registry.py:307: AssertionError
_ FrankieP0RegistryTests.test_every_bound_evidence_type_is_required_and_authority_stays_false _

self = <test_frankie_p0_registry.FrankieP0RegistryTests testMethod=test_every_bound_evidence_type_is_required_and_authority_stays_false>

    def test_every_bound_evidence_type_is_required_and_authority_stays_false(self):
        bundle = evidence_bundle()
        readiness = evaluate_p0_readiness(bundle)
        self.assertTrue(readiness["empirical_evidence_ready"])
>       self.assertTrue(readiness["composite_readiness_passed"])
E       AssertionError: False is not true

research/kalshi/tests/test_frankie_p0_registry.py:344: AssertionError
_ FrankieP0RegistryTests.test_inventory_is_exact_hash_bound_and_non_authorizing _

self = <test_frankie_p0_registry.FrankieP0RegistryTests testMethod=test_inventory_is_exact_hash_bound_and_non_authorizing>

    def test_inventory_is_exact_hash_bound_and_non_authorizing(self):
        receipt = audit_p0_registry()
>       self.assertEqual(receipt["status"], "COMPONENT_CONTRACT_READY")
E       AssertionError: 'BLOCKED_REGISTRY_INTEGRITY' != 'COMPONENT_CONTRACT_READY'
E       - BLOCKED_REGISTRY_INTEGRITY
E       + COMPONENT_CONTRACT_READY

research/kalshi/tests/test_frankie_p0_registry.py:174: AssertionError
_ FrankieP0RegistryTests.test_runtime_hooks_are_exact_and_standalone_loops_remain_distinct _

self = <test_frankie_p0_registry.FrankieP0RegistryTests testMethod=test_runtime_hooks_are_exact_and_standalone_loops_remain_distinct>

    def test_runtime_hooks_are_exact_and_standalone_loops_remain_distinct(self):
        receipt = audit_p0_registry()
        self.assertEqual(receipt["runtime_hook_count"], 9)
        self.assertEqual(
            receipt["standalone_runtime_loop_entry_points"],
            [
                "frankie_temporal_graph_p0_adapter.py:run_temporal_graph_shadow_adapter",
                "frankie_temporal_p0_controls.py:run_delayed_label_aci",
            ],
        )
        boundary = receipt["runtime_boundary_receipt"]
>       self.assertTrue(boundary["runtime_binding_integrity"])
E       AssertionError: False is not true

research/kalshi/tests/test_frankie_p0_registry.py:226: AssertionError
=========================== short test summary info ============================
FAILED research/kalshi/tests/test_frankie_p0_registry.py::FrankieP0RegistryTests::test_component_contract_can_pass_while_empirical_readiness_is_blocked - AssertionError: False is not true
FAILED research/kalshi/tests/test_frankie_p0_registry.py::FrankieP0RegistryTests::test_every_bound_evidence_type_is_required_and_authority_stays_false - AssertionError: False is not true
FAILED research/kalshi/tests/test_frankie_p0_registry.py::FrankieP0RegistryTests::test_inventory_is_exact_hash_bound_and_non_authorizing - AssertionError: 'BLOCKED_REGISTRY_INTEGRITY' != 'COMPONENT_CONTRACT_READY'
- BLOCKED_REGISTRY_INTEGRITY
+ COMPONENT_CONTRACT_READY
FAILED research/kalshi/tests/test_frankie_p0_registry.py::FrankieP0RegistryTests::test_runtime_hooks_are_exact_and_standalone_loops_remain_distinct - AssertionError: False is not true
========================= 4 failed, 4 passed in 1.06s ==========================
